<?xml version="1.0" encoding="utf-8"?><testsuites name="pytest tests"><testsuite name="pytest" errors="0" failures="0" skipped="0" tests="35" time="8.800" timestamp="2026-05-05T11:23:26.246037+00:00" hostname="agent-env-2b5d4885-3822-4641-8c0c-d6e50ea6a91d"><testcase classname="tests.test_shaadi_api.TestHealth" name="test_root" time="0.426" /><testcase classname="tests.test_shaadi_api.TestSendOTP" name="test_send_otp_valid_customer" time="0.091" /><testcase classname="tests.test_shaadi_api.TestSendOTP" name="test_send_otp_valid_vendor" time="0.085" /><testcase classname="tests.test_shaadi_api.TestSendOTP" name="test_send_otp_new_user_is_new_true" time="0.073" /><testcase classname="tests.test_shaadi_api.TestSendOTP" name="test_send_otp_invalid_short_phone" time="0.073" /><testcase classname="tests.test_shaadi_api.TestSendOTP" name="test_send_otp_invalid_role" time="0.069" /><testcase classname="tests.test_shaadi_api.TestSendOTP" name="test_send_otp_normalizes_country_code" time="0.073" /><testcase classname="tests.test_shaadi_api.TestVerifyOTP" name="test_existing_customer_login" time="0.152" /><testcase classname="tests.test_shaadi_api.TestVerifyOTP" name="test_existing_vendor_login" time="0.171" /><testcase classname="tests.test_shaadi_api.TestVerifyOTP" name="test_invalid_otp" time="0.168" /><testcase classname="tests.test_shaadi_api.TestVerifyOTP" name="test_new_user_requires_name" time="0.141" /><testcase classname="tests.test_shaadi_api.TestVerifyOTP" name="test_new_customer_signup" time="0.172" /><testcase classname="tests.test_shaadi_api.TestVerifyOTP" name="test_new_vendor_signup_with_business" time="0.227" /><testcase classname="tests.test_shaadi_api.TestVerifyOTP" name="test_auth_me_with_token" time="0.400" /><testcase classname="tests.test_shaadi_api.TestVerifyOTP" name="test_auth_me_no_token" time="0.141" /><testcase classname="tests.test_shaadi_api.TestServices" name="test_list_all" time="0.099" /><testcase classname="tests.test_shaadi_api.TestServices" name="test_filter_category" time="0.069" /><testcase classname="tests.test_shaadi_api.TestServices" name="test_filter_city" time="0.089" /><testcase classname="tests.test_shaadi_api.TestServices" name="test_search_q" time="0.084" /><testcase classname="tests.test_shaadi_api.TestServices" name="test_featured" time="0.101" /><testcase classname="tests.test_shaadi_api.TestServices" name="test_get_service_detail" time="0.172" /><testcase classname="tests.test_shaadi_api.TestServices" name="test_get_service_404" time="0.071" /><testcase classname="tests.test_shaadi_api.TestVendorFlow" name="test_customer_cannot_get_mine" time="0.372" /><testcase classname="tests.test_shaadi_api.TestVendorFlow" name="test_vendor_create_listing" time="0.311" /><testcase classname="tests.test_shaadi_api.TestVendorFlow" name="test_vendor_create_invalid_category" time="0.190" /><testcase classname="tests.test_shaadi_api.TestVendorFlow" name="test_vendor_my_listings" time="0.199" /><testcase classname="tests.test_shaadi_api.TestVendorFlow" name="test_customer_cannot_create_service" time="0.223" /><testcase classname="tests.test_shaadi_api.TestVendorFlow" name="test_vendor_cannot_delete_platform_listing" time="0.474" /><testcase classname="tests.test_shaadi_api.TestVendorFlow" name="test_vendor_bookings_empty_initially" time="0.183" /><testcase classname="tests.test_shaadi_api.TestVendorFlow" name="test_vendor_cannot_create_booking" time="0.625" /><testcase classname="tests.test_shaadi_api.TestVendorFlow" name="test_vendor_delete_own_listing" time="0.291" /><testcase classname="tests.test_shaadi_api.TestCustomerFlow" name="test_full_booking_flow" time="1.401" /><testcase classname="tests.test_shaadi_api.TestCustomerFlow" name="test_invalid_package" time="0.321" /><testcase classname="tests.test_shaadi_api.TestCustomerFlow" name="test_create_review" time="0.358" /><testcase classname="tests.test_shaadi_api.TestCustomerFlow" name="test_invalid_rating" time="0.418" /></testsuite></testsuites>